2026-02-22 12:58:17.195 [main] INFO  com.HybridFramework.TestBase.Base - ***********Starting Login Test*****************
2026-02-22 12:58:17.245 [main] INFO  com.HybridFramework.TestBase.Base - Clicking My Account
2026-02-22 12:58:17.478 [main] INFO  com.HybridFramework.TestBase.Base - Clicking  login
2026-02-22 12:58:17.772 [main] INFO  com.HybridFramework.TestBase.Base - Entering Email and pasword 
2026-02-22 12:58:17.998 [main] INFO  com.HybridFramework.TestBase.Base - Clicking Login Button 
2026-02-22 12:58:23.741 [main] INFO  com.HybridFramework.TestBase.Base - Validation for invalid result
2026-02-22 12:58:23.745 [main] INFO  com.HybridFramework.TestBase.Base - Validation for Valid result
2026-02-22 12:58:23.746 [main] INFO  com.HybridFramework.TestBase.Base - ***********Completed Login Test*****************
2026-02-22 12:58:23.764 [main] INFO  com.HybridFramework.TestBase.Base - ***********Starting Login Test*****************
2026-02-22 12:58:23.764 [main] INFO  com.HybridFramework.TestBase.Base - Clicking My Account
2026-02-22 12:58:23.937 [main] INFO  com.HybridFramework.TestBase.Base - Clicking  login
2026-02-22 12:58:24.206 [main] INFO  com.HybridFramework.TestBase.Base - Entering Email and pasword 
2026-02-22 12:58:24.397 [main] INFO  com.HybridFramework.TestBase.Base - Clicking Login Button 
2026-02-22 12:58:30.183 [main] INFO  com.HybridFramework.TestBase.Base - Validation for invalid result
2026-02-22 12:58:30.183 [main] INFO  com.HybridFramework.TestBase.Base - Validation for Valid result
2026-02-22 12:58:30.183 [main] INFO  com.HybridFramework.TestBase.Base - ***********Completed Login Test*****************
2026-02-22 12:58:30.186 [main] INFO  com.HybridFramework.TestBase.Base - ***********Starting Login Test*****************
2026-02-22 12:58:30.186 [main] INFO  com.HybridFramework.TestBase.Base - Clicking My Account
2026-02-22 12:58:30.371 [main] INFO  com.HybridFramework.TestBase.Base - Clicking  login
2026-02-22 12:58:31.079 [main] INFO  com.HybridFramework.TestBase.Base - Entering Email and pasword 
2026-02-22 12:58:31.282 [main] INFO  com.HybridFramework.TestBase.Base - Clicking Login Button 
2026-02-22 12:58:38.039 [main] INFO  com.HybridFramework.TestBase.Base - Validation for invalid result
2026-02-22 12:58:38.039 [main] INFO  com.HybridFramework.TestBase.Base - Validation for Valid result
2026-02-22 12:58:38.039 [main] INFO  com.HybridFramework.TestBase.Base - ***********Completed Login Test*****************
2026-02-22 12:58:38.053 [main] INFO  com.HybridFramework.TestBase.Base - ***********Starting Login Test*****************
2026-02-22 12:58:38.054 [main] INFO  com.HybridFramework.TestBase.Base - Clicking My Account
2026-02-22 12:58:38.222 [main] INFO  com.HybridFramework.TestBase.Base - Clicking  login
2026-02-22 12:58:38.503 [main] INFO  com.HybridFramework.TestBase.Base - Entering Email and pasword 
2026-02-22 12:58:38.702 [main] INFO  com.HybridFramework.TestBase.Base - Clicking Login Button 
2026-02-22 12:58:44.438 [main] INFO  com.HybridFramework.TestBase.Base - Validation for invalid result
2026-02-22 12:58:44.438 [main] INFO  com.HybridFramework.TestBase.Base - Validation for Valid result
2026-02-22 12:58:44.438 [main] INFO  com.HybridFramework.TestBase.Base - ***********Completed Login Test*****************
2026-02-22 12:58:44.438 [main] INFO  com.HybridFramework.TestBase.Base - ***********Starting Login Test*****************
2026-02-22 12:58:44.453 [main] INFO  com.HybridFramework.TestBase.Base - Clicking My Account
2026-02-22 12:58:44.635 [main] INFO  com.HybridFramework.TestBase.Base - Clicking  login
2026-02-22 12:58:44.915 [main] INFO  com.HybridFramework.TestBase.Base - Entering Email and pasword 
2026-02-22 12:58:45.155 [main] INFO  com.HybridFramework.TestBase.Base - Clicking Login Button 
2026-02-22 12:58:45.994 [main] INFO  com.HybridFramework.TestBase.Base - Validation for invalid result
2026-02-22 12:58:45.994 [main] INFO  com.HybridFramework.TestBase.Base - Validation for Valid result
2026-02-22 12:58:46.391 [main] INFO  com.HybridFramework.TestBase.Base - ***********Completed Login Test*****************
